<?xml version="1.0" encoding="UTF-8"?>
<testng-results skipped="0" failed="0" ignored="0" total="1" passed="1">
  <reporter-output>
  </reporter-output>
  <suite name="Login Test Suite" duration-ms="29588" started-at="2018-08-18T10:48:52Z" finished-at="2018-08-18T10:49:21Z">
    <groups>
      <group name="cucumber">
        <method signature="TestRunner.feature(cucumber.api.testng.CucumberFeatureWrapper)[pri:0, instance:TestRunner@2d6eabae]" name="feature" class="TestRunner"/>
      </group> <!-- cucumber -->
    </groups>
    <test name="Login" duration-ms="29588" started-at="2018-08-18T10:48:52Z" finished-at="2018-08-18T10:49:21Z">
      <class name="TestRunner">
        <test-method status="PASS" signature="setUp()[pri:0, instance:TestRunner@2d6eabae]" name="setUp" is-config="true" duration-ms="203" started-at="2018-08-18T10:48:52Z" finished-at="2018-08-18T10:48:52Z">
          <reporter-output>
          </reporter-output>
        </test-method> <!-- setUp -->
        <test-method status="PASS" signature="feature(cucumber.api.testng.CucumberFeatureWrapper)[pri:0, instance:TestRunner@2d6eabae]" name="feature" duration-ms="29151" started-at="2018-08-18T10:48:52Z" description="Runs cucumber tests" data-provider="features" finished-at="2018-08-18T10:49:21Z">
          <params>
            <param index="0">
              <value>
                <![CDATA[Login into the FreeCRM website]]>
              </value>
            </param>
          </params>
          <reporter-output>
          </reporter-output>
        </test-method> <!-- feature -->
        <test-method status="PASS" signature="tearDown()[pri:0, instance:TestRunner@2d6eabae]" name="tearDown" is-config="true" duration-ms="136" started-at="2018-08-18T10:49:21Z" finished-at="2018-08-18T10:49:21Z">
          <reporter-output>
          </reporter-output>
        </test-method> <!-- tearDown -->
      </class> <!-- TestRunner -->
    </test> <!-- Login -->
  </suite> <!-- Login Test Suite -->
</testng-results>
