-------------------------------------------------------------------------------
Test set: TestSuite
-------------------------------------------------------------------------------
Tests run: 1, Failures: 1, Errors: 0, Skipped: 0, Time elapsed: 34.729 s <<< FAILURE! - in TestSuite
feature(TestRunner)  Time elapsed: 33.803 s  <<< FAILURE!
cucumber.runtime.CucumberException: java.lang.AssertionError: Test Failed
	at TestRunner.feature(TestRunner.java:33)
Caused by: java.lang.AssertionError: Test Failed

