<?xml version="1.0" encoding="UTF-8"?>
<testng-results skipped="0" failed="0" ignored="0" total="3" passed="3">
  <reporter-output>
  </reporter-output>
  <suite name="Login Test Suite" duration-ms="59703" started-at="2018-08-20T19:01:05Z" finished-at="2018-08-20T19:02:05Z">
    <groups>
      <group name="cucumber">
        <method signature="TestRunner.feature(cucumber.api.testng.CucumberFeatureWrapper)[pri:0, instance:TestRunner@23faf8f2]" name="feature" class="TestRunner"/>
      </group> <!-- cucumber -->
    </groups>
    <test name="Login" duration-ms="59703" started-at="2018-08-20T19:01:05Z" finished-at="2018-08-20T19:02:05Z">
      <class name="TestRunner">
        <test-method status="PASS" signature="setUp()[pri:0, instance:TestRunner@23faf8f2]" name="setUp" is-config="true" duration-ms="379" started-at="2018-08-20T19:01:05Z" finished-at="2018-08-20T19:01:06Z">
          <reporter-output>
          </reporter-output>
        </test-method> <!-- setUp -->
        <test-method status="PASS" signature="feature(cucumber.api.testng.CucumberFeatureWrapper)[pri:0, instance:TestRunner@23faf8f2]" name="feature" duration-ms="15497" started-at="2018-08-20T19:01:06Z" description="Runs cucumber tests" data-provider="features" finished-at="2018-08-20T19:01:21Z">
          <params>
            <param index="0">
              <value>
                <![CDATA[Searching for a contact]]>
              </value>
            </param>
          </params>
          <reporter-output>
          </reporter-output>
        </test-method> <!-- feature -->
        <test-method status="PASS" signature="feature(cucumber.api.testng.CucumberFeatureWrapper)[pri:0, instance:TestRunner@23faf8f2]" name="feature" duration-ms="9912" started-at="2018-08-20T19:01:21Z" description="Runs cucumber tests" data-provider="features" finished-at="2018-08-20T19:01:31Z">
          <params>
            <param index="0">
              <value>
                <![CDATA[Navigating within Home Page]]>
              </value>
            </param>
          </params>
          <reporter-output>
          </reporter-output>
        </test-method> <!-- feature -->
        <test-method status="PASS" signature="feature(cucumber.api.testng.CucumberFeatureWrapper)[pri:0, instance:TestRunner@23faf8f2]" name="feature" duration-ms="33732" started-at="2018-08-20T19:01:31Z" description="Runs cucumber tests" data-provider="features" finished-at="2018-08-20T19:02:05Z">
          <params>
            <param index="0">
              <value>
                <![CDATA[Login into the FreeCRM website]]>
              </value>
            </param>
          </params>
          <reporter-output>
          </reporter-output>
        </test-method> <!-- feature -->
        <test-method status="PASS" signature="tearDown()[pri:0, instance:TestRunner@23faf8f2]" name="tearDown" is-config="true" duration-ms="34" started-at="2018-08-20T19:02:05Z" finished-at="2018-08-20T19:02:05Z">
          <reporter-output>
          </reporter-output>
        </test-method> <!-- tearDown -->
      </class> <!-- TestRunner -->
    </test> <!-- Login -->
  </suite> <!-- Login Test Suite -->
</testng-results>
