<?xml version="1.0" encoding="UTF-8"?>
<testsuite xmlns:xsi="http://www.w3.org/2001/XMLSchema-instance" xsi:noNamespaceSchemaLocation="https://maven.apache.org/surefire/maven-surefire-plugin/xsd/surefire-test-report.xsd" name="TestSuite" time="34.729" tests="1" errors="0" skipped="0" failures="1">
  <properties>
[...]
</properties>
  <testcase name="feature" classname="TestRunner" time="33.803">
    <failure message="java.lang.AssertionError: Test Failed" type="cucumber.runtime.CucumberException">cucumber.runtime.CucumberException: java.lang.AssertionError: Test Failed
	at TestRunner.feature(TestRunner.java:33)
Caused by: java.lang.AssertionError: Test Failed
</failure>
    <system-out><![CDATA[Feature: Login into the FreeCRM website

  Scenario Outline: Verifying the user can login to the freeCRM website &amp#27;[90m# Login.feature:3&amp#27;[0m
    &amp#27;[36mGiven &amp#27;[0m&amp#27;[36mI open the website in a browser&amp#27;[0m
    &amp#27;[36mWhen &amp#27;[0m&amp#27;[36mI login with credentials "<username>" and "<password>"&amp#27;[0m
    &amp#27;[36mThen &amp#27;[0m&amp#27;[36mFlight finder page is displayed&amp#27;[0m

    Examples: 
Test Passed

  Scenario Outline: Verifying the user can login to the freeCRM website &amp#27;[90m# Login.feature:12&amp#27;[0m
    &amp#27;[32mGiven &amp#27;[0m&amp#27;[32mI open the website in a browser&amp#27;[0m                               &amp#27;[90m# Login_steps.i_open_the_website_in_a_browser()&amp#27;[0m
    &amp#27;[32mWhen &amp#27;[0m&amp#27;[32mI login with credentials "&amp#27;[0m&amp#27;[32m&amp#27;[1munivas01&amp#27;[0m&amp#27;[32m" and "&amp#27;[0m&amp#27;[32m&amp#27;[1mComputer1!&amp#27;[0m&amp#27;[32m"&amp#27;[0m           &amp#27;[90m# Login_steps.i_login_with_credentials_and(String,String)&amp#27;[0m
    &amp#27;[32mThen &amp#27;[0m&amp#27;[32mFlight finder page is displayed&amp#27;[0m                                &amp#27;[90m# Login_steps.flight_finder_page_is_displayed()&amp#27;[0m
Test Passed

  Scenario Outline: Verifying the user can login to the freeCRM website &amp#27;[90m# Login.feature:13&amp#27;[0m
    &amp#27;[32mGiven &amp#27;[0m&amp#27;[32mI open the website in a browser&amp#27;[0m                               &amp#27;[90m# Login_steps.i_open_the_website_in_a_browser()&amp#27;[0m
    &amp#27;[32mWhen &amp#27;[0m&amp#27;[32mI login with credentials "&amp#27;[0m&amp#27;[32m&amp#27;[1molacontact&amp#27;[0m&amp#27;[32m" and "&amp#27;[0m&amp#27;[32m&amp#27;[1mComputer1!!&amp#27;[0m&amp#27;[32m"&amp#27;[0m        &amp#27;[90m# Login_steps.i_login_with_credentials_and(String,String)&amp#27;[0m
    &amp#27;[32mThen &amp#27;[0m&amp#27;[32mFlight finder page is displayed&amp#27;[0m                                &amp#27;[90m# Login_steps.flight_finder_page_is_displayed()&amp#27;[0m

  Scenario Outline: Verifying the user can login to the freeCRM website &amp#27;[90m# Login.feature:14&amp#27;[0m
    &amp#27;[32mGiven &amp#27;[0m&amp#27;[32mI open the website in a browser&amp#27;[0m                               &amp#27;[90m# Login_steps.i_open_the_website_in_a_browser()&amp#27;[0m
    &amp#27;[32mWhen &amp#27;[0m&amp#27;[32mI login with credentials "&amp#27;[0m&amp#27;[32m&amp#27;[1mredakosimi&amp#27;[0m&amp#27;[32m" and "&amp#27;[0m&amp#27;[32m&amp#27;[1mComputer1!!&amp#27;[0m&amp#27;[32m"&amp#27;[0m        &amp#27;[90m# Login_steps.i_login_with_credentials_and(String,String)&amp#27;[0m
    &amp#27;[31mThen &amp#27;[0m&amp#27;[31mFlight finder page is displayed&amp#27;[0m                                &amp#27;[90m# Login_steps.flight_finder_page_is_displayed()&amp#27;[0m
      &amp#27;[31mjava.lang.AssertionError: Test Failed
      	at org.testng.Assert.fail(Assert.java:96)
      	at stepdefs.Login_steps.flight_finder_page_is_displayed(Login_steps.java:49)
      	at ✽.Then Flight finder page is displayed(Login.feature:7)
      &amp#27;[0m
]]></system-out>
    <system-err><![CDATA[Starting ChromeDriver 2.38.552518 (183d19265345f54ce39cbb94cf81ba5f15905011) on port 31445
Only local connections are allowed.
Aug 16, 2018 11:05:01 PM org.openqa.selenium.remote.ProtocolHandshake createSession
INFO: Detected dialect: OSS
Starting ChromeDriver 2.38.552518 (183d19265345f54ce39cbb94cf81ba5f15905011) on port 39081
Only local connections are allowed.
Aug 16, 2018 11:05:13 PM org.openqa.selenium.remote.ProtocolHandshake createSession
INFO: Detected dialect: OSS
Starting ChromeDriver 2.38.552518 (183d19265345f54ce39cbb94cf81ba5f15905011) on port 46469
Only local connections are allowed.
Aug 16, 2018 11:05:25 PM org.openqa.selenium.remote.ProtocolHandshake createSession
INFO: Detected dialect: OSS
]]></system-err>
  </testcase>
</testsuite>